This file contains any messages produced by compilers while
running configure, to aid debugging if configure makes a mistake.

It was created by configure, which was
generated by GNU Autoconf 2.67.  Invocation command line was

  $ ./configure --prefix=/usr/local/libmcrypt-2.5.8

## --------- ##
## Platform. ##
## --------- ##

hostname = zhangc-dev
uname -m = i686
uname -r = 2.6.32-5-686
uname -s = Linux
uname -v = #1 SMP Mon Feb 25 01:04:36 UTC 2013

/usr/bin/uname -p = unknown
/bin/uname -X     = unknown

/bin/arch              = unknown
/usr/bin/arch -k       = unknown
/usr/convex/getsysinfo = unknown
/usr/bin/hostinfo      = unknown
/bin/machine           = unknown
/usr/bin/oslevel       = unknown
/bin/universe          = unknown

PATH: /home/zhangc/bin
PATH: /usr/local/bin
PATH: /usr/bin
PATH: /bin
PATH: /usr/games
PATH: /home/zhangc/bin
PATH: /home/zhangc/bin


## ----------- ##
## Core tests. ##
## ----------- ##

configure:2694: checking build system type
configure:2708: result: i686-pc-linux-gnu
configure:2728: checking host system type
configure:2741: result: i686-pc-linux-gnu
configure:2761: checking target system type
configure:2774: result: i686-pc-linux-gnu
configure:2817: checking for a BSD-compatible install
configure:2885: result: /usr/bin/install -c
configure:2896: checking whether build environment is sane
configure:2946: result: yes
configure:3087: checking for a thread-safe mkdir -p
configure:3126: result: /bin/mkdir -p
configure:3139: checking for gawk
configure:3169: result: no
configure:3139: checking for mawk
configure:3155: found /usr/bin/mawk
configure:3166: result: mawk
configure:3177: checking whether make sets $(MAKE)
configure:3199: result: yes
configure:3283: checking whether to enable maintainer-specific portions of Makefiles
configure:3292: result: no
configure:3306: checking whether make sets $(MAKE)
configure:3328: result: yes
configure:3396: checking for g++
configure:3412: found /usr/bin/g++
configure:3423: result: g++
configure:3450: checking for C++ compiler version
configure:3459: g++ --version >&5
g++ (Debian 4.4.5-8) 4.4.5
Copyright (C) 2010 Free Software Foundation, Inc.
This is free software; see the source for copying conditions.  There is NO
warranty; not even for MERCHANTABILITY or FITNESS FOR A PARTICULAR PURPOSE.

configure:3470: $? = 0
configure:3459: g++ -v >&5
Using built-in specs.
Target: i486-linux-gnu
Configured with: ../src/configure -v --with-pkgversion='Debian 4.4.5-8' --with-bugurl=file:///usr/share/doc/gcc-4.4/README.Bugs --enable-languages=c,c++,fortran,objc,obj-c++ --prefix=/usr --program-suffix=-4.4 --enable-shared --enable-multiarch --enable-linker-build-id --with-system-zlib --libexecdir=/usr/lib --without-included-gettext --enable-threads=posix --with-gxx-include-dir=/usr/include/c++/4.4 --libdir=/usr/lib --enable-nls --enable-clocale=gnu --enable-libstdcxx-debug --enable-objc-gc --enable-targets=all --with-arch-32=i586 --with-tune=generic --enable-checking=release --build=i486-linux-gnu --host=i486-linux-gnu --target=i486-linux-gnu
Thread model: posix
gcc version 4.4.5 (Debian 4.4.5-8) 
configure:3470: $? = 0
configure:3459: g++ -V >&5
g++: '-V' option must have argument
configure:3470: $? = 1
configure:3459: g++ -qversion >&5
g++: unrecognized option '-qversion'
g++: no input files
configure:3470: $? = 1
configure:3490: checking whether the C++ compiler works
configure:3512: g++    conftest.cpp  >&5
configure:3516: $? = 0
configure:3564: result: yes
configure:3567: checking for C++ compiler default output file name
configure:3569: result: a.out
configure:3575: checking for suffix of executables
configure:3582: g++ -o conftest    conftest.cpp  >&5
configure:3586: $? = 0
configure:3608: result: 
configure:3630: checking whether we are cross compiling
configure:3638: g++ -o conftest    conftest.cpp  >&5
configure:3642: $? = 0
configure:3649: ./conftest
configure:3653: $? = 0
configure:3668: result: no
configure:3673: checking for suffix of object files
configure:3695: g++ -c   conftest.cpp >&5
configure:3699: $? = 0
configure:3720: result: o
configure:3724: checking whether we are using the GNU C++ compiler
configure:3743: g++ -c   conftest.cpp >&5
configure:3743: $? = 0
configure:3752: result: yes
configure:3761: checking whether g++ accepts -g
configure:3781: g++ -c -g  conftest.cpp >&5
configure:3781: $? = 0
configure:3822: result: yes
configure:3856: checking for style of include used by make
configure:3884: result: GNU
configure:3909: checking dependency style of g++
configure:4019: result: gcc3
configure:4082: checking for gcc
configure:4098: found /usr/bin/gcc
configure:4109: result: gcc
configure:4338: checking for C compiler version
configure:4347: gcc --version >&5
gcc (Debian 4.4.5-8) 4.4.5
Copyright (C) 2010 Free Software Foundation, Inc.
This is free software; see the source for copying conditions.  There is NO
warranty; not even for MERCHANTABILITY or FITNESS FOR A PARTICULAR PURPOSE.

configure:4358: $? = 0
configure:4347: gcc -v >&5
Using built-in specs.
Target: i486-linux-gnu
Configured with: ../src/configure -v --with-pkgversion='Debian 4.4.5-8' --with-bugurl=file:///usr/share/doc/gcc-4.4/README.Bugs --enable-languages=c,c++,fortran,objc,obj-c++ --prefix=/usr --program-suffix=-4.4 --enable-shared --enable-multiarch --enable-linker-build-id --with-system-zlib --libexecdir=/usr/lib --without-included-gettext --enable-threads=posix --with-gxx-include-dir=/usr/include/c++/4.4 --libdir=/usr/lib --enable-nls --enable-clocale=gnu --enable-libstdcxx-debug --enable-objc-gc --enable-targets=all --with-arch-32=i586 --with-tune=generic --enable-checking=release --build=i486-linux-gnu --host=i486-linux-gnu --target=i486-linux-gnu
Thread model: posix
gcc version 4.4.5 (Debian 4.4.5-8) 
configure:4358: $? = 0
configure:4347: gcc -V >&5
gcc: '-V' option must have argument
configure:4358: $? = 1
configure:4347: gcc -qversion >&5
gcc: unrecognized option '-qversion'
gcc: no input files
configure:4358: $? = 1
configure:4362: checking whether we are using the GNU C compiler
configure:4381: gcc -c   conftest.c >&5
configure:4381: $? = 0
configure:4390: result: yes
configure:4399: checking whether gcc accepts -g
configure:4419: gcc -c -g  conftest.c >&5
configure:4419: $? = 0
configure:4460: result: yes
configure:4477: checking for gcc option to accept ISO C89
configure:4541: gcc  -c -g -O2  conftest.c >&5
configure:4541: $? = 0
configure:4554: result: none needed
configure:4576: checking dependency style of gcc
configure:4686: result: gcc3
configure:4706: checking how to run the C preprocessor
configure:4737: gcc -E  conftest.c
configure:4737: $? = 0
configure:4751: gcc -E  conftest.c
conftest.c:11:28: error: ac_nonexistent.h: No such file or directory
configure:4751: $? = 1
configure: failed program was:
| /* confdefs.h */
| #define PACKAGE_NAME ""
| #define PACKAGE_TARNAME ""
| #define PACKAGE_VERSION ""
| #define PACKAGE_STRING ""
| #define PACKAGE_BUGREPORT ""
| #define PACKAGE_URL ""
| #define PACKAGE "libmcrypt"
| #define VERSION "2.5.8"
| /* end confdefs.h.  */
| #include <ac_nonexistent.h>
configure:4776: result: gcc -E
configure:4796: gcc -E  conftest.c
configure:4796: $? = 0
configure:4810: gcc -E  conftest.c
conftest.c:11:28: error: ac_nonexistent.h: No such file or directory
configure:4810: $? = 1
configure: failed program was:
| /* confdefs.h */
| #define PACKAGE_NAME ""
| #define PACKAGE_TARNAME ""
| #define PACKAGE_VERSION ""
| #define PACKAGE_STRING ""
| #define PACKAGE_BUGREPORT ""
| #define PACKAGE_URL ""
| #define PACKAGE "libmcrypt"
| #define VERSION "2.5.8"
| /* end confdefs.h.  */
| #include <ac_nonexistent.h>
configure:4839: checking whether ln -s works
configure:4843: result: yes
configure:4850: checking whether make sets $(MAKE)
configure:4872: result: yes
configure:4904: checking whether ln -s works
configure:4908: result: yes
configure:4918: checking whether in maintanance mode
configure:4925: result: no
configure:4929: checking whether in dmalloc mode
configure:4936: result: no
configure:4993: checking whether to enable dynamic module loading
configure:5000: result: no
configure:5142: checking which algorithms to include into library
configure:5169: result: cbc cfb ctr ecb ncfb nofb ofb stream threeway cast-128 gost rijndael-128 safer-sk64 twofish  arcfour cast-256 loki97 rijndael-192 saferplus wake  blowfish-compat des rijndael-256 serpent xtea  blowfish enigma rc2 safer-sk128 tripledes idea
configure:5196: checking for dirent.h that defines DIR
configure:5215: gcc -c -g -O2  conftest.c >&5
configure:5215: $? = 0
configure:5223: result: yes
configure:5236: checking for library containing opendir
configure:5267: gcc -o conftest -g -O2   conftest.c  >&5
configure:5267: $? = 0
configure:5284: result: none required
configure:5352: checking for grep that handles long lines and -e
configure:5410: result: /bin/grep
configure:5415: checking for egrep
configure:5477: result: /bin/grep -E
configure:5482: checking for ANSI C header files
configure:5502: gcc -c -g -O2  conftest.c >&5
configure:5502: $? = 0
configure:5575: gcc -o conftest -g -O2   conftest.c  >&5
configure:5575: $? = 0
configure:5575: ./conftest
configure:5575: $? = 0
configure:5586: result: yes
configure:5594: checking for inline
configure:5610: gcc -c -g -O2  conftest.c >&5
configure:5610: $? = 0
configure:5618: result: inline
configure:5636: checking for an ANSI C-conforming const
configure:5701: gcc -c -g -O2  conftest.c >&5
configure:5701: $? = 0
configure:5708: result: yes
configure:5722: checking for sys/types.h
configure:5722: gcc -c -g -O2  conftest.c >&5
configure:5722: $? = 0
configure:5722: result: yes
configure:5722: checking for sys/stat.h
configure:5722: gcc -c -g -O2  conftest.c >&5
configure:5722: $? = 0
configure:5722: result: yes
configure:5722: checking for stdlib.h
configure:5722: gcc -c -g -O2  conftest.c >&5
configure:5722: $? = 0
configure:5722: result: yes
configure:5722: checking for string.h
configure:5722: gcc -c -g -O2  conftest.c >&5
configure:5722: $? = 0
configure:5722: result: yes
configure:5722: checking for memory.h
configure:5722: gcc -c -g -O2  conftest.c >&5
configure:5722: $? = 0
configure:5722: result: yes
configure:5722: checking for strings.h
configure:5722: gcc -c -g -O2  conftest.c >&5
configure:5722: $? = 0
configure:5722: result: yes
configure:5722: checking for inttypes.h
configure:5722: gcc -c -g -O2  conftest.c >&5
configure:5722: $? = 0
configure:5722: result: yes
configure:5722: checking for stdint.h
configure:5722: gcc -c -g -O2  conftest.c >&5
configure:5722: $? = 0
configure:5722: result: yes
configure:5722: checking for unistd.h
configure:5722: gcc -c -g -O2  conftest.c >&5
configure:5722: $? = 0
configure:5722: result: yes
configure:5737: checking argz.h usability
configure:5737: gcc -c -g -O2  conftest.c >&5
configure:5737: $? = 0
configure:5737: result: yes
configure:5737: checking argz.h presence
configure:5737: gcc -E  conftest.c
configure:5737: $? = 0
configure:5737: result: yes
configure:5737: checking for argz.h
configure:5737: result: yes
configure:5737: checking byteswap.h usability
configure:5737: gcc -c -g -O2  conftest.c >&5
configure:5737: $? = 0
configure:5737: result: yes
configure:5737: checking byteswap.h presence
configure:5737: gcc -E  conftest.c
configure:5737: $? = 0
configure:5737: result: yes
configure:5737: checking for byteswap.h
configure:5737: result: yes
configure:5737: checking dirent.h usability
configure:5737: gcc -c -g -O2  conftest.c >&5
configure:5737: $? = 0
configure:5737: result: yes
configure:5737: checking dirent.h presence
configure:5737: gcc -E  conftest.c
configure:5737: $? = 0
configure:5737: result: yes
configure:5737: checking for dirent.h
configure:5737: result: yes
configure:5737: checking dlfcn.h usability
configure:5737: gcc -c -g -O2  conftest.c >&5
configure:5737: $? = 0
configure:5737: result: yes
configure:5737: checking dlfcn.h presence
configure:5737: gcc -E  conftest.c
configure:5737: $? = 0
configure:5737: result: yes
configure:5737: checking for dlfcn.h
configure:5737: result: yes
configure:5737: checking endian.h usability
configure:5737: gcc -c -g -O2  conftest.c >&5
configure:5737: $? = 0
configure:5737: result: yes
configure:5737: checking endian.h presence
configure:5737: gcc -E  conftest.c
configure:5737: $? = 0
configure:5737: result: yes
configure:5737: checking for endian.h
configure:5737: result: yes
configure:5737: checking malloc.h usability
configure:5737: gcc -c -g -O2  conftest.c >&5
configure:5737: $? = 0
configure:5737: result: yes
configure:5737: checking malloc.h presence
configure:5737: gcc -E  conftest.c
configure:5737: $? = 0
configure:5737: result: yes
configure:5737: checking for malloc.h
configure:5737: result: yes
configure:5737: checking for memory.h
configure:5737: result: yes
configure:5750: checking for stdlib.h
configure:5750: result: yes
configure:5750: checking for string.h
configure:5750: result: yes
configure:5750: checking for strings.h
configure:5750: result: yes
configure:5763: checking sys/endian.h usability
configure:5763: gcc -c -g -O2  conftest.c >&5
conftest.c:65:24: error: sys/endian.h: No such file or directory
configure:5763: $? = 1
configure: failed program was:
| /* confdefs.h */
| #define PACKAGE_NAME ""
| #define PACKAGE_TARNAME ""
| #define PACKAGE_VERSION ""
| #define PACKAGE_STRING ""
| #define PACKAGE_BUGREPORT ""
| #define PACKAGE_URL ""
| #define PACKAGE "libmcrypt"
| #define VERSION "2.5.8"
| #define HAVE_DIRENT_H 1
| #define STDC_HEADERS 1
| #define HAVE_SYS_TYPES_H 1
| #define HAVE_SYS_STAT_H 1
| #define HAVE_STDLIB_H 1
| #define HAVE_STRING_H 1
| #define HAVE_MEMORY_H 1
| #define HAVE_STRINGS_H 1
| #define HAVE_INTTYPES_H 1
| #define HAVE_STDINT_H 1
| #define HAVE_UNISTD_H 1
| #define HAVE_ARGZ_H 1
| #define HAVE_BYTESWAP_H 1
| #define HAVE_DIRENT_H 1
| #define HAVE_DLFCN_H 1
| #define HAVE_ENDIAN_H 1
| #define HAVE_MALLOC_H 1
| #define HAVE_MEMORY_H 1
| #define HAVE_STDLIB_H 1
| #define HAVE_STRING_H 1
| #define HAVE_STRINGS_H 1
| /* end confdefs.h.  */
| #include <stdio.h>
| #ifdef HAVE_SYS_TYPES_H
| # include <sys/types.h>
| #endif
| #ifdef HAVE_SYS_STAT_H
| # include <sys/stat.h>
| #endif
| #ifdef STDC_HEADERS
| # include <stdlib.h>
| # include <stddef.h>
| #else
| # ifdef HAVE_STDLIB_H
| #  include <stdlib.h>
| # endif
| #endif
| #ifdef HAVE_STRING_H
| # if !defined STDC_HEADERS && defined HAVE_MEMORY_H
| #  include <memory.h>
| # endif
| # include <string.h>
| #endif
| #ifdef HAVE_STRINGS_H
| # include <strings.h>
| #endif
| #ifdef HAVE_INTTYPES_H
| # include <inttypes.h>
| #endif
| #ifdef HAVE_STDINT_H
| # include <stdint.h>
| #endif
| #ifdef HAVE_UNISTD_H
| # include <unistd.h>
| #endif
| #include <sys/endian.h>
configure:5763: result: no
configure:5763: checking sys/endian.h presence
configure:5763: gcc -E  conftest.c
conftest.c:32:24: error: sys/endian.h: No such file or directory
configure:5763: $? = 1
configure: failed program was:
| /* confdefs.h */
| #define PACKAGE_NAME ""
| #define PACKAGE_TARNAME ""
| #define PACKAGE_VERSION ""
| #define PACKAGE_STRING ""
| #define PACKAGE_BUGREPORT ""
| #define PACKAGE_URL ""
| #define PACKAGE "libmcrypt"
| #define VERSION "2.5.8"
| #define HAVE_DIRENT_H 1
| #define STDC_HEADERS 1
| #define HAVE_SYS_TYPES_H 1
| #define HAVE_SYS_STAT_H 1
| #define HAVE_STDLIB_H 1
| #define HAVE_STRING_H 1
| #define HAVE_MEMORY_H 1
| #define HAVE_STRINGS_H 1
| #define HAVE_INTTYPES_H 1
| #define HAVE_STDINT_H 1
| #define HAVE_UNISTD_H 1
| #define HAVE_ARGZ_H 1
| #define HAVE_BYTESWAP_H 1
| #define HAVE_DIRENT_H 1
| #define HAVE_DLFCN_H 1
| #define HAVE_ENDIAN_H 1
| #define HAVE_MALLOC_H 1
| #define HAVE_MEMORY_H 1
| #define HAVE_STDLIB_H 1
| #define HAVE_STRING_H 1
| #define HAVE_STRINGS_H 1
| /* end confdefs.h.  */
| #include <sys/endian.h>
configure:5763: result: no
configure:5763: checking for sys/endian.h
configure:5763: result: no
configure:5763: checking for sys/types.h
configure:5763: result: yes
configure:5763: checking sys/mman.h usability
configure:5763: gcc -c -g -O2  conftest.c >&5
configure:5763: $? = 0
configure:5763: result: yes
configure:5763: checking sys/mman.h presence
configure:5763: gcc -E  conftest.c
configure:5763: $? = 0
configure:5763: result: yes
configure:5763: checking for sys/mman.h
configure:5763: result: yes
configure:5776: checking limits.h usability
configure:5776: gcc -c -g -O2  conftest.c >&5
configure:5776: $? = 0
configure:5776: result: yes
configure:5776: checking limits.h presence
configure:5776: gcc -E  conftest.c
configure:5776: $? = 0
configure:5776: result: yes
configure:5776: checking for limits.h
configure:5776: result: yes
configure:5776: checking for unistd.h
configure:5776: result: yes
configure:5787: checking whether closedir returns void
configure:5811: gcc -o conftest -g -O2   conftest.c  >&5
configure:5811: $? = 0
configure:5811: ./conftest
configure:5811: $? = 0
configure:5821: result: no
configure:5831: checking for stdlib.h
configure:5831: result: yes
configure:5841: checking for GNU libc compatible malloc
configure:5865: gcc -o conftest -g -O2   conftest.c  >&5
configure:5865: $? = 0
configure:5865: ./conftest
configure:5865: $? = 0
configure:5875: result: yes
configure:5896: checking for working memcmp
configure:5939: gcc -o conftest -g -O2   conftest.c  >&5
configure:5939: $? = 0
configure:5939: ./conftest
configure:5939: $? = 0
configure:5949: result: yes
configure:5960: checking for stdlib.h
configure:5960: result: yes
configure:5970: checking for GNU libc compatible realloc
configure:5994: gcc -o conftest -g -O2   conftest.c  >&5
configure:5994: $? = 0
configure:5994: ./conftest
configure:5994: $? = 0
configure:6004: result: yes
configure:6029: checking for bzero
configure:6029: gcc -o conftest -g -O2   conftest.c  >&5
conftest.c:63: warning: conflicting types for built-in function 'bzero'
configure:6029: $? = 0
configure:6029: result: yes
configure:6029: checking for memmove
configure:6029: gcc -o conftest -g -O2   conftest.c  >&5
conftest.c:64: warning: conflicting types for built-in function 'memmove'
configure:6029: $? = 0
configure:6029: result: yes
configure:6029: checking for memset
configure:6029: gcc -o conftest -g -O2   conftest.c  >&5
conftest.c:65: warning: conflicting types for built-in function 'memset'
configure:6029: $? = 0
configure:6029: result: yes
configure:6029: checking for mlock
configure:6029: gcc -o conftest -g -O2   conftest.c  >&5
configure:6029: $? = 0
configure:6029: result: yes
configure:6029: checking for readdir_r
configure:6029: gcc -o conftest -g -O2   conftest.c  >&5
configure:6029: $? = 0
configure:6029: result: yes
configure:6029: checking for strchr
configure:6029: gcc -o conftest -g -O2   conftest.c  >&5
conftest.c:68: warning: conflicting types for built-in function 'strchr'
configure:6029: $? = 0
configure:6029: result: yes
configure:6029: checking for strdup
configure:6029: gcc -o conftest -g -O2   conftest.c  >&5
conftest.c:69: warning: conflicting types for built-in function 'strdup'
configure:6029: $? = 0
configure:6029: result: yes
configure:6029: checking for strrchr
configure:6029: gcc -o conftest -g -O2   conftest.c  >&5
conftest.c:70: warning: conflicting types for built-in function 'strrchr'
configure:6029: $? = 0
configure:6029: result: yes
configure:6040: checking for readdir
configure:6040: gcc -o conftest -g -O2   conftest.c  >&5
configure:6040: $? = 0
configure:6040: result: yes
configure:6048: checking for bcopy
configure:6048: gcc -o conftest -g -O2   conftest.c  >&5
conftest.c:71: warning: conflicting types for built-in function 'bcopy'
configure:6048: $? = 0
configure:6048: result: yes
configure:6055: checking whether byte ordering is bigendian
configure:6070: gcc -c -g -O2  conftest.c >&5
conftest.c:49: error: expected '=', ',', ';', 'asm' or '__attribute__' before 'a'
configure:6070: $? = 1
configure: failed program was:
| /* confdefs.h */
| #define PACKAGE_NAME ""
| #define PACKAGE_TARNAME ""
| #define PACKAGE_VERSION ""
| #define PACKAGE_STRING ""
| #define PACKAGE_BUGREPORT ""
| #define PACKAGE_URL ""
| #define PACKAGE "libmcrypt"
| #define VERSION "2.5.8"
| #define HAVE_DIRENT_H 1
| #define STDC_HEADERS 1
| #define HAVE_SYS_TYPES_H 1
| #define HAVE_SYS_STAT_H 1
| #define HAVE_STDLIB_H 1
| #define HAVE_STRING_H 1
| #define HAVE_MEMORY_H 1
| #define HAVE_STRINGS_H 1
| #define HAVE_INTTYPES_H 1
| #define HAVE_STDINT_H 1
| #define HAVE_UNISTD_H 1
| #define HAVE_ARGZ_H 1
| #define HAVE_BYTESWAP_H 1
| #define HAVE_DIRENT_H 1
| #define HAVE_DLFCN_H 1
| #define HAVE_ENDIAN_H 1
| #define HAVE_MALLOC_H 1
| #define HAVE_MEMORY_H 1
| #define HAVE_STDLIB_H 1
| #define HAVE_STRING_H 1
| #define HAVE_STRINGS_H 1
| #define HAVE_SYS_TYPES_H 1
| #define HAVE_SYS_MMAN_H 1
| #define HAVE_LIMITS_H 1
| #define HAVE_UNISTD_H 1
| #define HAVE_STDLIB_H 1
| #define HAVE_MALLOC 1
| #define HAVE_STDLIB_H 1
| #define HAVE_REALLOC 1
| #define HAVE_BZERO 1
| #define HAVE_MEMMOVE 1
| #define HAVE_MEMSET 1
| #define HAVE_MLOCK 1
| #define HAVE_READDIR_R 1
| #define HAVE_STRCHR 1
| #define HAVE_STRDUP 1
| #define HAVE_STRRCHR 1
| /* end confdefs.h.  */
| #ifndef __APPLE_CC__
| 	       not a universal capable compiler
| 	     #endif
| 	     typedef int dummy;
| 
configure:6115: gcc -c -g -O2  conftest.c >&5
configure:6115: $? = 0
configure:6133: gcc -c -g -O2  conftest.c >&5
conftest.c: In function 'main':
conftest.c:55: error: 'not' undeclared (first use in this function)
conftest.c:55: error: (Each undeclared identifier is reported only once
conftest.c:55: error: for each function it appears in.)
conftest.c:55: error: expected ';' before 'big'
configure:6133: $? = 1
configure: failed program was:
| /* confdefs.h */
| #define PACKAGE_NAME ""
| #define PACKAGE_TARNAME ""
| #define PACKAGE_VERSION ""
| #define PACKAGE_STRING ""
| #define PACKAGE_BUGREPORT ""
| #define PACKAGE_URL ""
| #define PACKAGE "libmcrypt"
| #define VERSION "2.5.8"
| #define HAVE_DIRENT_H 1
| #define STDC_HEADERS 1
| #define HAVE_SYS_TYPES_H 1
| #define HAVE_SYS_STAT_H 1
| #define HAVE_STDLIB_H 1
| #define HAVE_STRING_H 1
| #define HAVE_MEMORY_H 1
| #define HAVE_STRINGS_H 1
| #define HAVE_INTTYPES_H 1
| #define HAVE_STDINT_H 1
| #define HAVE_UNISTD_H 1
| #define HAVE_ARGZ_H 1
| #define HAVE_BYTESWAP_H 1
| #define HAVE_DIRENT_H 1
| #define HAVE_DLFCN_H 1
| #define HAVE_ENDIAN_H 1
| #define HAVE_MALLOC_H 1
| #define HAVE_MEMORY_H 1
| #define HAVE_STDLIB_H 1
| #define HAVE_STRING_H 1
| #define HAVE_STRINGS_H 1
| #define HAVE_SYS_TYPES_H 1
| #define HAVE_SYS_MMAN_H 1
| #define HAVE_LIMITS_H 1
| #define HAVE_UNISTD_H 1
| #define HAVE_STDLIB_H 1
| #define HAVE_MALLOC 1
| #define HAVE_STDLIB_H 1
| #define HAVE_REALLOC 1
| #define HAVE_BZERO 1
| #define HAVE_MEMMOVE 1
| #define HAVE_MEMSET 1
| #define HAVE_MLOCK 1
| #define HAVE_READDIR_R 1
| #define HAVE_STRCHR 1
| #define HAVE_STRDUP 1
| #define HAVE_STRRCHR 1
| /* end confdefs.h.  */
| #include <sys/types.h>
| 		#include <sys/param.h>
| 
| int
| main ()
| {
| #if BYTE_ORDER != BIG_ENDIAN
| 		 not big endian
| 		#endif
| 
|   ;
|   return 0;
| }
configure:6261: result: no
configure:6283: checking size of unsigned long int
configure:6288: gcc -o conftest -g -O2   conftest.c  >&5
configure:6288: $? = 0
configure:6288: ./conftest
configure:6288: $? = 0
configure:6302: result: 4
configure:6316: checking size of unsigned int
configure:6321: gcc -o conftest -g -O2   conftest.c  >&5
configure:6321: $? = 0
configure:6321: ./conftest
configure:6321: $? = 0
configure:6335: result: 4
configure:6349: checking size of unsigned short int
configure:6354: gcc -o conftest -g -O2   conftest.c  >&5
configure:6354: $? = 0
configure:6354: ./conftest
configure:6354: $? = 0
configure:6368: result: 2
configure:6382: checking size of unsigned char
configure:6387: gcc -o conftest -g -O2   conftest.c  >&5
configure:6387: $? = 0
configure:6387: ./conftest
configure:6387: $? = 0
configure:6401: result: 1
configure:6747: checking for a sed that does not truncate output
configure:6811: result: /bin/sed
configure:6829: checking for fgrep
configure:6891: result: /bin/grep -F
configure:6926: checking for ld used by gcc
configure:6993: result: /usr/bin/ld
configure:7000: checking if the linker (/usr/bin/ld) is GNU ld
configure:7015: result: yes
configure:7027: checking for BSD- or MS-compatible name lister (nm)
configure:7076: result: /usr/bin/nm -B
configure:7194: checking the name lister (/usr/bin/nm -B) interface
configure:7201: gcc -c -g -O2  conftest.c >&5
configure:7204: /usr/bin/nm -B "conftest.o"
configure:7207: output
00000000 B some_variable
configure:7214: result: BSD nm
configure:7218: checking the maximum length of command line arguments
configure:7338: result: 1572864
configure:7355: checking whether the shell understands some XSI constructs
configure:7365: result: yes
configure:7369: checking whether the shell understands "+="
configure:7375: result: yes
configure:7410: checking for /usr/bin/ld option to reload object files
configure:7417: result: -r
configure:7486: checking for objdump
configure:7513: result: objdump
configure:7542: checking how to recognize dependent libraries
configure:7738: result: pass_all
configure:7798: checking for ar
configure:7814: found /usr/bin/ar
configure:7825: result: ar
configure:7903: checking for strip
configure:7919: found /usr/bin/strip
configure:7930: result: strip
configure:8002: checking for ranlib
configure:8018: found /usr/bin/ranlib
configure:8029: result: ranlib
configure:8119: checking command to parse /usr/bin/nm -B output from gcc object
configure:8237: gcc -c -g -O2  conftest.c >&5
configure:8240: $? = 0
configure:8244: /usr/bin/nm -B conftest.o \| sed -n -e 's/^.*[	 ]\([ABCDGIRSTW][ABCDGIRSTW]*\)[	 ][	 ]*\([_A-Za-z][_A-Za-z0-9]*\)$/\1 \2 \2/p' \> conftest.nm
configure:8247: $? = 0
configure:8301: gcc -o conftest -g -O2   conftest.c conftstm.o >&5
configure:8304: $? = 0
configure:8342: result: ok
configure:9147: checking for dlfcn.h
configure:9147: result: yes
configure:9272: checking for C++ compiler version
configure:9281: g++ --version >&5
g++ (Debian 4.4.5-8) 4.4.5
Copyright (C) 2010 Free Software Foundation, Inc.
This is free software; see the source for copying conditions.  There is NO
warranty; not even for MERCHANTABILITY or FITNESS FOR A PARTICULAR PURPOSE.

configure:9292: $? = 0
configure:9281: g++ -v >&5
Using built-in specs.
Target: i486-linux-gnu
Configured with: ../src/configure -v --with-pkgversion='Debian 4.4.5-8' --with-bugurl=file:///usr/share/doc/gcc-4.4/README.Bugs --enable-languages=c,c++,fortran,objc,obj-c++ --prefix=/usr --program-suffix=-4.4 --enable-shared --enable-multiarch --enable-linker-build-id --with-system-zlib --libexecdir=/usr/lib --without-included-gettext --enable-threads=posix --with-gxx-include-dir=/usr/include/c++/4.4 --libdir=/usr/lib --enable-nls --enable-clocale=gnu --enable-libstdcxx-debug --enable-objc-gc --enable-targets=all --with-arch-32=i586 --with-tune=generic --enable-checking=release --build=i486-linux-gnu --host=i486-linux-gnu --target=i486-linux-gnu
Thread model: posix
gcc version 4.4.5 (Debian 4.4.5-8) 
configure:9292: $? = 0
configure:9281: g++ -V >&5
g++: '-V' option must have argument
configure:9292: $? = 1
configure:9281: g++ -qversion >&5
g++: unrecognized option '-qversion'
g++: no input files
configure:9292: $? = 1
configure:9296: checking whether we are using the GNU C++ compiler
configure:9324: result: yes
configure:9333: checking whether g++ accepts -g
configure:9394: result: yes
configure:9419: checking dependency style of g++
configure:9529: result: gcc3
configure:9552: checking how to run the C++ preprocessor
configure:9579: g++ -E  conftest.cpp
configure:9579: $? = 0
configure:9593: g++ -E  conftest.cpp
conftest.cpp:53:28: error: ac_nonexistent.h: No such file or directory
configure:9593: $? = 1
configure: failed program was:
| /* confdefs.h */
| #define PACKAGE_NAME ""
| #define PACKAGE_TARNAME ""
| #define PACKAGE_VERSION ""
| #define PACKAGE_STRING ""
| #define PACKAGE_BUGREPORT ""
| #define PACKAGE_URL ""
| #define PACKAGE "libmcrypt"
| #define VERSION "2.5.8"
| #define HAVE_DIRENT_H 1
| #define STDC_HEADERS 1
| #define HAVE_SYS_TYPES_H 1
| #define HAVE_SYS_STAT_H 1
| #define HAVE_STDLIB_H 1
| #define HAVE_STRING_H 1
| #define HAVE_MEMORY_H 1
| #define HAVE_STRINGS_H 1
| #define HAVE_INTTYPES_H 1
| #define HAVE_STDINT_H 1
| #define HAVE_UNISTD_H 1
| #define HAVE_ARGZ_H 1
| #define HAVE_BYTESWAP_H 1
| #define HAVE_DIRENT_H 1
| #define HAVE_DLFCN_H 1
| #define HAVE_ENDIAN_H 1
| #define HAVE_MALLOC_H 1
| #define HAVE_MEMORY_H 1
| #define HAVE_STDLIB_H 1
| #define HAVE_STRING_H 1
| #define HAVE_STRINGS_H 1
| #define HAVE_SYS_TYPES_H 1
| #define HAVE_SYS_MMAN_H 1
| #define HAVE_LIMITS_H 1
| #define HAVE_UNISTD_H 1
| #define HAVE_STDLIB_H 1
| #define HAVE_MALLOC 1
| #define HAVE_STDLIB_H 1
| #define HAVE_REALLOC 1
| #define HAVE_BZERO 1
| #define HAVE_MEMMOVE 1
| #define HAVE_MEMSET 1
| #define HAVE_MLOCK 1
| #define HAVE_READDIR_R 1
| #define HAVE_STRCHR 1
| #define HAVE_STRDUP 1
| #define HAVE_STRRCHR 1
| #define SIZEOF_UNSIGNED_LONG_INT 4
| #define SIZEOF_UNSIGNED_INT 4
| #define SIZEOF_UNSIGNED_SHORT_INT 2
| #define SIZEOF_UNSIGNED_CHAR 1
| #define HAVE_DLFCN_H 1
| /* end confdefs.h.  */
| #include <ac_nonexistent.h>
configure:9618: result: g++ -E
configure:9638: g++ -E  conftest.cpp
configure:9638: $? = 0
configure:9652: g++ -E  conftest.cpp
conftest.cpp:53:28: error: ac_nonexistent.h: No such file or directory
configure:9652: $? = 1
configure: failed program was:
| /* confdefs.h */
| #define PACKAGE_NAME ""
| #define PACKAGE_TARNAME ""
| #define PACKAGE_VERSION ""
| #define PACKAGE_STRING ""
| #define PACKAGE_BUGREPORT ""
| #define PACKAGE_URL ""
| #define PACKAGE "libmcrypt"
| #define VERSION "2.5.8"
| #define HAVE_DIRENT_H 1
| #define STDC_HEADERS 1
| #define HAVE_SYS_TYPES_H 1
| #define HAVE_SYS_STAT_H 1
| #define HAVE_STDLIB_H 1
| #define HAVE_STRING_H 1
| #define HAVE_MEMORY_H 1
| #define HAVE_STRINGS_H 1
| #define HAVE_INTTYPES_H 1
| #define HAVE_STDINT_H 1
| #define HAVE_UNISTD_H 1
| #define HAVE_ARGZ_H 1
| #define HAVE_BYTESWAP_H 1
| #define HAVE_DIRENT_H 1
| #define HAVE_DLFCN_H 1
| #define HAVE_ENDIAN_H 1
| #define HAVE_MALLOC_H 1
| #define HAVE_MEMORY_H 1
| #define HAVE_STDLIB_H 1
| #define HAVE_STRING_H 1
| #define HAVE_STRINGS_H 1
| #define HAVE_SYS_TYPES_H 1
| #define HAVE_SYS_MMAN_H 1
| #define HAVE_LIMITS_H 1
| #define HAVE_UNISTD_H 1
| #define HAVE_STDLIB_H 1
| #define HAVE_MALLOC 1
| #define HAVE_STDLIB_H 1
| #define HAVE_REALLOC 1
| #define HAVE_BZERO 1
| #define HAVE_MEMMOVE 1
| #define HAVE_MEMSET 1
| #define HAVE_MLOCK 1
| #define HAVE_READDIR_R 1
| #define HAVE_STRCHR 1
| #define HAVE_STRDUP 1
| #define HAVE_STRRCHR 1
| #define SIZEOF_UNSIGNED_LONG_INT 4
| #define SIZEOF_UNSIGNED_INT 4
| #define SIZEOF_UNSIGNED_SHORT_INT 2
| #define SIZEOF_UNSIGNED_CHAR 1
| #define HAVE_DLFCN_H 1
| /* end confdefs.h.  */
| #include <ac_nonexistent.h>
configure:9824: checking for objdir
configure:9839: result: .libs
configure:10131: checking if gcc supports -fno-rtti -fno-exceptions
configure:10149: gcc -c -g -O2  -fno-rtti -fno-exceptions conftest.c >&5
cc1: warning: command line option "-fno-rtti" is valid for C++/ObjC++ but not for C
configure:10153: $? = 0
configure:10166: result: no
configure:10186: checking for gcc option to produce PIC
configure:10458: result: -fPIC -DPIC
configure:10470: checking if gcc PIC flag -fPIC -DPIC works
configure:10488: gcc -c -g -O2  -fPIC -DPIC -DPIC conftest.c >&5
configure:10492: $? = 0
configure:10505: result: yes
configure:10529: checking if gcc static flag -static works
configure:10557: result: yes
configure:10572: checking if gcc supports -c -o file.o
configure:10593: gcc -c -g -O2  -o out/conftest2.o conftest.c >&5
configure:10597: $? = 0
configure:10619: result: yes
configure:10627: checking if gcc supports -c -o file.o
configure:10674: result: yes
configure:10707: checking whether the gcc linker (/usr/bin/ld) supports shared libraries
configure:11698: result: yes
configure:11735: checking whether -lc should be explicitly linked in
configure:11740: gcc -c -g -O2  conftest.c >&5
configure:11743: $? = 0
configure:11758: gcc -shared conftest.o  -v -Wl,-soname -Wl,conftest -o conftest 2\>\&1 \| /bin/grep  -lc  \>/dev/null 2\>\&1
configure:11761: $? = 0
configure:11773: result: no
configure:11937: checking dynamic linker characteristics
configure:12370: gcc -o conftest -g -O2   -Wl,-rpath -Wl,/foo conftest.c  >&5
configure:12370: $? = 0
configure:12600: result: GNU/Linux ld.so
configure:12702: checking how to hardcode library paths into programs
configure:12727: result: immediate
configure:12821: checking for shl_load
configure:12821: gcc -o conftest -g -O2   conftest.c  >&5
/tmp/ccl04gkI.o: In function `main':
/home/zhangc/projects/opensource/libmcrypt-2.5.8/conftest.c:88: undefined reference to `shl_load'
collect2: ld returned 1 exit status
configure:12821: $? = 1
configure: failed program was:
| /* confdefs.h */
| #define PACKAGE_NAME ""
| #define PACKAGE_TARNAME ""
| #define PACKAGE_VERSION ""
| #define PACKAGE_STRING ""
| #define PACKAGE_BUGREPORT ""
| #define PACKAGE_URL ""
| #define PACKAGE "libmcrypt"
| #define VERSION "2.5.8"
| #define HAVE_DIRENT_H 1
| #define STDC_HEADERS 1
| #define HAVE_SYS_TYPES_H 1
| #define HAVE_SYS_STAT_H 1
| #define HAVE_STDLIB_H 1
| #define HAVE_STRING_H 1
| #define HAVE_MEMORY_H 1
| #define HAVE_STRINGS_H 1
| #define HAVE_INTTYPES_H 1
| #define HAVE_STDINT_H 1
| #define HAVE_UNISTD_H 1
| #define HAVE_ARGZ_H 1
| #define HAVE_BYTESWAP_H 1
| #define HAVE_DIRENT_H 1
| #define HAVE_DLFCN_H 1
| #define HAVE_ENDIAN_H 1
| #define HAVE_MALLOC_H 1
| #define HAVE_MEMORY_H 1
| #define HAVE_STDLIB_H 1
| #define HAVE_STRING_H 1
| #define HAVE_STRINGS_H 1
| #define HAVE_SYS_TYPES_H 1
| #define HAVE_SYS_MMAN_H 1
| #define HAVE_LIMITS_H 1
| #define HAVE_UNISTD_H 1
| #define HAVE_STDLIB_H 1
| #define HAVE_MALLOC 1
| #define HAVE_STDLIB_H 1
| #define HAVE_REALLOC 1
| #define HAVE_BZERO 1
| #define HAVE_MEMMOVE 1
| #define HAVE_MEMSET 1
| #define HAVE_MLOCK 1
| #define HAVE_READDIR_R 1
| #define HAVE_STRCHR 1
| #define HAVE_STRDUP 1
| #define HAVE_STRRCHR 1
| #define SIZEOF_UNSIGNED_LONG_INT 4
| #define SIZEOF_UNSIGNED_INT 4
| #define SIZEOF_UNSIGNED_SHORT_INT 2
| #define SIZEOF_UNSIGNED_CHAR 1
| #define HAVE_DLFCN_H 1
| #define LT_OBJDIR ".libs/"
| /* end confdefs.h.  */
| /* Define shl_load to an innocuous variant, in case <limits.h> declares shl_load.
|    For example, HP-UX 11i <limits.h> declares gettimeofday.  */
| #define shl_load innocuous_shl_load
| 
| /* System header to define __stub macros and hopefully few prototypes,
|     which can conflict with char shl_load (); below.
|     Prefer <limits.h> to <assert.h> if __STDC__ is defined, since
|     <limits.h> exists even on freestanding compilers.  */
| 
| #ifdef __STDC__
| # include <limits.h>
| #else
| # include <assert.h>
| #endif
| 
| #undef shl_load
| 
| /* Override any GCC internal prototype to avoid an error.
|    Use char because int might match the return type of a GCC
|    builtin and then its argument prototype would still apply.  */
| #ifdef __cplusplus
| extern "C"
| #endif
| char shl_load ();
| /* The GNU C library defines this for functions which it implements
|     to always fail with ENOSYS.  Some functions are actually named
|     something starting with __ and the normal name is an alias.  */
| #if defined __stub_shl_load || defined __stub___shl_load
| choke me
| #endif
| 
| int
| main ()
| {
| return shl_load ();
|   ;
|   return 0;
| }
configure:12821: result: no
configure:12825: checking for shl_load in -ldld
configure:12850: gcc -o conftest -g -O2   conftest.c -ldld   >&5
/usr/bin/ld: cannot find -ldld
collect2: ld returned 1 exit status
configure:12850: $? = 1
configure: failed program was:
| /* confdefs.h */
| #define PACKAGE_NAME ""
| #define PACKAGE_TARNAME ""
| #define PACKAGE_VERSION ""
| #define PACKAGE_STRING ""
| #define PACKAGE_BUGREPORT ""
| #define PACKAGE_URL ""
| #define PACKAGE "libmcrypt"
| #define VERSION "2.5.8"
| #define HAVE_DIRENT_H 1
| #define STDC_HEADERS 1
| #define HAVE_SYS_TYPES_H 1
| #define HAVE_SYS_STAT_H 1
| #define HAVE_STDLIB_H 1
| #define HAVE_STRING_H 1
| #define HAVE_MEMORY_H 1
| #define HAVE_STRINGS_H 1
| #define HAVE_INTTYPES_H 1
| #define HAVE_STDINT_H 1
| #define HAVE_UNISTD_H 1
| #define HAVE_ARGZ_H 1
| #define HAVE_BYTESWAP_H 1
| #define HAVE_DIRENT_H 1
| #define HAVE_DLFCN_H 1
| #define HAVE_ENDIAN_H 1
| #define HAVE_MALLOC_H 1
| #define HAVE_MEMORY_H 1
| #define HAVE_STDLIB_H 1
| #define HAVE_STRING_H 1
| #define HAVE_STRINGS_H 1
| #define HAVE_SYS_TYPES_H 1
| #define HAVE_SYS_MMAN_H 1
| #define HAVE_LIMITS_H 1
| #define HAVE_UNISTD_H 1
| #define HAVE_STDLIB_H 1
| #define HAVE_MALLOC 1
| #define HAVE_STDLIB_H 1
| #define HAVE_REALLOC 1
| #define HAVE_BZERO 1
| #define HAVE_MEMMOVE 1
| #define HAVE_MEMSET 1
| #define HAVE_MLOCK 1
| #define HAVE_READDIR_R 1
| #define HAVE_STRCHR 1
| #define HAVE_STRDUP 1
| #define HAVE_STRRCHR 1
| #define SIZEOF_UNSIGNED_LONG_INT 4
| #define SIZEOF_UNSIGNED_INT 4
| #define SIZEOF_UNSIGNED_SHORT_INT 2
| #define SIZEOF_UNSIGNED_CHAR 1
| #define HAVE_DLFCN_H 1
| #define LT_OBJDIR ".libs/"
| /* end confdefs.h.  */
| 
| /* Override any GCC internal prototype to avoid an error.
|    Use char because int might match the return type of a GCC
|    builtin and then its argument prototype would still apply.  */
| #ifdef __cplusplus
| extern "C"
| #endif
| char shl_load ();
| int
| main ()
| {
| return shl_load ();
|   ;
|   return 0;
| }
configure:12859: result: no
configure:12864: checking for dlopen
configure:12864: gcc -o conftest -g -O2   conftest.c  >&5
/tmp/cc33JKh4.o: In function `main':
/home/zhangc/projects/opensource/libmcrypt-2.5.8/conftest.c:88: undefined reference to `dlopen'
collect2: ld returned 1 exit status
configure:12864: $? = 1
configure: failed program was:
| /* confdefs.h */
| #define PACKAGE_NAME ""
| #define PACKAGE_TARNAME ""
| #define PACKAGE_VERSION ""
| #define PACKAGE_STRING ""
| #define PACKAGE_BUGREPORT ""
| #define PACKAGE_URL ""
| #define PACKAGE "libmcrypt"
| #define VERSION "2.5.8"
| #define HAVE_DIRENT_H 1
| #define STDC_HEADERS 1
| #define HAVE_SYS_TYPES_H 1
| #define HAVE_SYS_STAT_H 1
| #define HAVE_STDLIB_H 1
| #define HAVE_STRING_H 1
| #define HAVE_MEMORY_H 1
| #define HAVE_STRINGS_H 1
| #define HAVE_INTTYPES_H 1
| #define HAVE_STDINT_H 1
| #define HAVE_UNISTD_H 1
| #define HAVE_ARGZ_H 1
| #define HAVE_BYTESWAP_H 1
| #define HAVE_DIRENT_H 1
| #define HAVE_DLFCN_H 1
| #define HAVE_ENDIAN_H 1
| #define HAVE_MALLOC_H 1
| #define HAVE_MEMORY_H 1
| #define HAVE_STDLIB_H 1
| #define HAVE_STRING_H 1
| #define HAVE_STRINGS_H 1
| #define HAVE_SYS_TYPES_H 1
| #define HAVE_SYS_MMAN_H 1
| #define HAVE_LIMITS_H 1
| #define HAVE_UNISTD_H 1
| #define HAVE_STDLIB_H 1
| #define HAVE_MALLOC 1
| #define HAVE_STDLIB_H 1
| #define HAVE_REALLOC 1
| #define HAVE_BZERO 1
| #define HAVE_MEMMOVE 1
| #define HAVE_MEMSET 1
| #define HAVE_MLOCK 1
| #define HAVE_READDIR_R 1
| #define HAVE_STRCHR 1
| #define HAVE_STRDUP 1
| #define HAVE_STRRCHR 1
| #define SIZEOF_UNSIGNED_LONG_INT 4
| #define SIZEOF_UNSIGNED_INT 4
| #define SIZEOF_UNSIGNED_SHORT_INT 2
| #define SIZEOF_UNSIGNED_CHAR 1
| #define HAVE_DLFCN_H 1
| #define LT_OBJDIR ".libs/"
| /* end confdefs.h.  */
| /* Define dlopen to an innocuous variant, in case <limits.h> declares dlopen.
|    For example, HP-UX 11i <limits.h> declares gettimeofday.  */
| #define dlopen innocuous_dlopen
| 
| /* System header to define __stub macros and hopefully few prototypes,
|     which can conflict with char dlopen (); below.
|     Prefer <limits.h> to <assert.h> if __STDC__ is defined, since
|     <limits.h> exists even on freestanding compilers.  */
| 
| #ifdef __STDC__
| # include <limits.h>
| #else
| # include <assert.h>
| #endif
| 
| #undef dlopen
| 
| /* Override any GCC internal prototype to avoid an error.
|    Use char because int might match the return type of a GCC
|    builtin and then its argument prototype would still apply.  */
| #ifdef __cplusplus
| extern "C"
| #endif
| char dlopen ();
| /* The GNU C library defines this for functions which it implements
|     to always fail with ENOSYS.  Some functions are actually named
|     something starting with __ and the normal name is an alias.  */
| #if defined __stub_dlopen || defined __stub___dlopen
| choke me
| #endif
| 
| int
| main ()
| {
| return dlopen ();
|   ;
|   return 0;
| }
configure:12864: result: no
configure:12868: checking for dlopen in -ldl
configure:12893: gcc -o conftest -g -O2   conftest.c -ldl   >&5
configure:12893: $? = 0
configure:12902: result: yes
configure:13021: checking whether a program can dlopen itself
configure:13091: gcc -o conftest -g -O2  -DHAVE_DLFCN_H  -Wl,--export-dynamic conftest.c -ldl  >&5
configure:13094: $? = 0
configure:13112: result: yes
configure:13117: checking whether a statically linked program can dlopen itself
configure:13187: gcc -o conftest -g -O2  -DHAVE_DLFCN_H  -Wl,--export-dynamic -static conftest.c -ldl  >&5
/tmp/ccFhzRtM.o: In function `main':
/home/zhangc/projects/opensource/libmcrypt-2.5.8/configure:13171: warning: Using 'dlopen' in statically linked applications requires at runtime the shared libraries from the glibc version used for linking
configure:13190: $? = 0
/lib/: cannot read file data: Is a directory
configure:13208: result: no
configure:13247: checking whether stripping libraries is possible
configure:13252: result: yes
configure:13287: checking if libtool supports shared libraries
configure:13289: result: yes
configure:13292: checking whether to build shared libraries
configure:13313: result: yes
configure:13316: checking whether to build static libraries
configure:13320: result: 
configure:13470: checking for ld used by g++
configure:13537: result: /usr/bin/ld
configure:13544: checking if the linker (/usr/bin/ld) is GNU ld
configure:13559: result: yes
configure:13614: checking whether the g++ linker (/usr/bin/ld) supports shared libraries
configure:14527: result: yes
configure:14555: g++ -c -g -O2  conftest.cpp >&5
configure:14558: $? = 0
configure:14740: checking for g++ option to produce PIC
configure:15057: result: -fPIC -DPIC
configure:15066: checking if g++ PIC flag -fPIC -DPIC works
configure:15084: g++ -c -g -O2  -fPIC -DPIC -DPIC conftest.cpp >&5
configure:15088: $? = 0
configure:15101: result: yes
configure:15122: checking if g++ static flag -static works
configure:15150: result: yes
configure:15162: checking if g++ supports -c -o file.o
configure:15183: g++ -c -g -O2  -o out/conftest2.o conftest.cpp >&5
configure:15187: $? = 0
configure:15209: result: yes
configure:15214: checking if g++ supports -c -o file.o
configure:15261: result: yes
configure:15291: checking whether the g++ linker (/usr/bin/ld) supports shared libraries
configure:15320: result: yes
configure:15457: checking dynamic linker characteristics
configure:15838: g++ -o conftest -g -O2   -Wl,-rpath -Wl,/foo conftest.cpp  >&5
configure:15838: $? = 0
configure:16068: result: GNU/Linux ld.so
configure:16119: checking how to hardcode library paths into programs
configure:16144: result: immediate
configure:16347: creating ./config.status

## ---------------------- ##
## Running config.status. ##
## ---------------------- ##

This file was extended by config.status, which was
generated by GNU Autoconf 2.67.  Invocation command line was

  CONFIG_FILES    = 
  CONFIG_HEADERS  = 
  CONFIG_LINKS    = 
  CONFIG_COMMANDS = 
  $ ./config.status 

on zhangc-dev

config.status:1214: creating Makefile
config.status:1214: creating libmcrypt.spec
config.status:1214: creating lib/Makefile
config.status:1214: creating doc/Makefile
config.status:1214: creating src/Makefile
config.status:1214: creating include/mutils/mcrypt.h
config.status:1214: creating include/Makefile
config.status:1214: creating modules/Makefile
config.status:1214: creating modules/modes/Makefile
config.status:1214: creating modules/algorithms/Makefile
config.status:1214: creating lib/libmcrypt-config
config.status:1214: creating config.h
config.status:1394: config.h is unchanged
config.status:1442: executing depfiles commands
config.status:1442: executing libtool commands
config.status:1442: executing default-1 commands

## ---------------- ##
## Cache variables. ##
## ---------------- ##

ac_cv_build=i686-pc-linux-gnu
ac_cv_c_bigendian=no
ac_cv_c_compiler_gnu=yes
ac_cv_c_const=yes
ac_cv_c_inline=inline
ac_cv_cxx_compiler_gnu=yes
ac_cv_env_CCC_set=
ac_cv_env_CCC_value=
ac_cv_env_CC_set=
ac_cv_env_CC_value=
ac_cv_env_CFLAGS_set=
ac_cv_env_CFLAGS_value=
ac_cv_env_CPPFLAGS_set=
ac_cv_env_CPPFLAGS_value=
ac_cv_env_CPP_set=
ac_cv_env_CPP_value=
ac_cv_env_CXXCPP_set=
ac_cv_env_CXXCPP_value=
ac_cv_env_CXXFLAGS_set=
ac_cv_env_CXXFLAGS_value=
ac_cv_env_CXX_set=
ac_cv_env_CXX_value=
ac_cv_env_LDFLAGS_set=
ac_cv_env_LDFLAGS_value=
ac_cv_env_LIBS_set=
ac_cv_env_LIBS_value=
ac_cv_env_build_alias_set=
ac_cv_env_build_alias_value=
ac_cv_env_host_alias_set=
ac_cv_env_host_alias_value=
ac_cv_env_target_alias_set=
ac_cv_env_target_alias_value=
ac_cv_func_bcopy=yes
ac_cv_func_bzero=yes
ac_cv_func_closedir_void=no
ac_cv_func_dlopen=no
ac_cv_func_malloc_0_nonnull=yes
ac_cv_func_memcmp_working=yes
ac_cv_func_memmove=yes
ac_cv_func_memset=yes
ac_cv_func_mlock=yes
ac_cv_func_readdir=yes
ac_cv_func_readdir_r=yes
ac_cv_func_realloc_0_nonnull=yes
ac_cv_func_shl_load=no
ac_cv_func_strchr=yes
ac_cv_func_strdup=yes
ac_cv_func_strrchr=yes
ac_cv_header_argz_h=yes
ac_cv_header_byteswap_h=yes
ac_cv_header_dirent_dirent_h=yes
ac_cv_header_dirent_h=yes
ac_cv_header_dlfcn_h=yes
ac_cv_header_endian_h=yes
ac_cv_header_inttypes_h=yes
ac_cv_header_limits_h=yes
ac_cv_header_malloc_h=yes
ac_cv_header_memory_h=yes
ac_cv_header_stdc=yes
ac_cv_header_stdint_h=yes
ac_cv_header_stdlib_h=yes
ac_cv_header_string_h=yes
ac_cv_header_strings_h=yes
ac_cv_header_sys_endian_h=no
ac_cv_header_sys_mman_h=yes
ac_cv_header_sys_stat_h=yes
ac_cv_header_sys_types_h=yes
ac_cv_header_unistd_h=yes
ac_cv_host=i686-pc-linux-gnu
ac_cv_lib_dl_dlopen=yes
ac_cv_lib_dld_shl_load=no
ac_cv_objext=o
ac_cv_path_EGREP='/bin/grep -E'
ac_cv_path_FGREP='/bin/grep -F'
ac_cv_path_GREP=/bin/grep
ac_cv_path_SED=/bin/sed
ac_cv_path_install='/usr/bin/install -c'
ac_cv_path_mkdir=/bin/mkdir
ac_cv_prog_AWK=mawk
ac_cv_prog_CPP='gcc -E'
ac_cv_prog_CXXCPP='g++ -E'
ac_cv_prog_ac_ct_AR=ar
ac_cv_prog_ac_ct_CC=gcc
ac_cv_prog_ac_ct_CXX=g++
ac_cv_prog_ac_ct_OBJDUMP=objdump
ac_cv_prog_ac_ct_RANLIB=ranlib
ac_cv_prog_ac_ct_STRIP=strip
ac_cv_prog_cc_c89=
ac_cv_prog_cc_g=yes
ac_cv_prog_cxx_g=yes
ac_cv_prog_make_make_set=yes
ac_cv_search_opendir='none required'
ac_cv_sizeof_unsigned_char=1
ac_cv_sizeof_unsigned_int=4
ac_cv_sizeof_unsigned_long_int=4
ac_cv_sizeof_unsigned_short_int=2
ac_cv_target=i686-pc-linux-gnu
am_cv_CC_dependencies_compiler_type=gcc3
am_cv_CXX_dependencies_compiler_type=gcc3
lt_cv_deplibs_check_method=pass_all
lt_cv_dlopen=dlopen
lt_cv_dlopen_libs=-ldl
lt_cv_dlopen_self=yes
lt_cv_dlopen_self_static=no
lt_cv_file_magic_cmd='$MAGIC_CMD'
lt_cv_file_magic_test_file=
lt_cv_ld_reload_flag=-r
lt_cv_nm_interface='BSD nm'
lt_cv_objdir=.libs
lt_cv_path_LD=/usr/bin/ld
lt_cv_path_LDCXX=/usr/bin/ld
lt_cv_path_NM='/usr/bin/nm -B'
lt_cv_prog_compiler_c_o=yes
lt_cv_prog_compiler_c_o_CXX=yes
lt_cv_prog_compiler_pic_works=yes
lt_cv_prog_compiler_pic_works_CXX=yes
lt_cv_prog_compiler_rtti_exceptions=no
lt_cv_prog_compiler_static_works=yes
lt_cv_prog_compiler_static_works_CXX=yes
lt_cv_prog_gnu_ld=yes
lt_cv_prog_gnu_ldcxx=yes
lt_cv_sys_global_symbol_pipe='sed -n -e '\''s/^.*[	 ]\([ABCDGIRSTW][ABCDGIRSTW]*\)[	 ][	 ]*\([_A-Za-z][_A-Za-z0-9]*\)$/\1 \2 \2/p'\'''
lt_cv_sys_global_symbol_to_c_name_address='sed -n -e '\''s/^: \([^ ]*\) $/  {\"\1\", (void *) 0},/p'\'' -e '\''s/^[ABCDGIRSTW]* \([^ ]*\) \([^ ]*\)$/  {"\2", (void *) \&\2},/p'\'''
lt_cv_sys_global_symbol_to_c_name_address_lib_prefix='sed -n -e '\''s/^: \([^ ]*\) $/  {\"\1\", (void *) 0},/p'\'' -e '\''s/^[ABCDGIRSTW]* \([^ ]*\) \(lib[^ ]*\)$/  {"\2", (void *) \&\2},/p'\'' -e '\''s/^[ABCDGIRSTW]* \([^ ]*\) \([^ ]*\)$/  {"lib\2", (void *) \&\2},/p'\'''
lt_cv_sys_global_symbol_to_cdecl='sed -n -e '\''s/^T .* \(.*\)$/extern int \1();/p'\'' -e '\''s/^[ABCDGIRSTW]* .* \(.*\)$/extern char \1;/p'\'''
lt_cv_sys_max_cmd_len=1572864

## ----------------- ##
## Output variables. ##
## ----------------- ##

ACLOCAL='${SHELL} /home/zhangc/projects/opensource/libmcrypt-2.5.8/missing --run aclocal-1.11'
AMDEPBACKSLASH='\'
AMDEP_FALSE='#'
AMDEP_TRUE=''
AMTAR='${SHELL} /home/zhangc/projects/opensource/libmcrypt-2.5.8/missing --run tar'
AR='ar'
AS='as'
AUTOCONF='${SHELL} /home/zhangc/projects/opensource/libmcrypt-2.5.8/missing --run autoconf'
AUTOHEADER='${SHELL} /home/zhangc/projects/opensource/libmcrypt-2.5.8/missing --run autoheader'
AUTOMAKE='${SHELL} /home/zhangc/projects/opensource/libmcrypt-2.5.8/missing --run automake-1.11'
AWK='mawk'
CC='gcc'
CCDEPMODE='depmode=gcc3'
CFLAGS='-g -O2'
CPP='gcc -E'
CPPFLAGS=''
CXX='g++'
CXXCPP='g++ -E'
CXXDEPMODE='depmode=gcc3'
CXXFLAGS='-g -O2'
CYGPATH_W='echo'
DEFS='-DHAVE_CONFIG_H'
DEPDIR='.deps'
DLLTOOL='dlltool'
DSYMUTIL=''
DUMPBIN=''
ECHO_C=''
ECHO_N='-n'
ECHO_T=''
EGREP='/bin/grep -E'
EXEEXT=''
EXTRA_ALGOS='cbc cfb ctr ecb ncfb nofb ofb stream threeway cast-128 gost rijndael-128 safer-sk64 twofish arcfour cast-256 loki97 rijndael-192 saferplus wake blowfish-compat des rijndael-256 serpent xtea blowfish enigma rc2 safer-sk128 tripledes idea'
EXTRA_OBJECTS=' ../modules/modes/cbc.lo ../modules/modes/cfb.lo ../modules/modes/ctr.lo ../modules/modes/ecb.lo ../modules/modes/ncfb.lo ../modules/modes/nofb.lo ../modules/modes/ofb.lo ../modules/modes/stream.lo ../modules/algorithms/cast-128.lo ../modules/algorithms/gost.lo ../modules/algorithms/rijndael-128.lo ../modules/algorithms/twofish.lo ../modules/algorithms/arcfour.lo ../modules/algorithms/cast-256.lo ../modules/algorithms/loki97.lo ../modules/algorithms/rijndael-192.lo ../modules/algorithms/saferplus.lo ../modules/algorithms/wake.lo ../modules/algorithms/blowfish-compat.lo ../modules/algorithms/des.lo ../modules/algorithms/rijndael-256.lo ../modules/algorithms/serpent.lo ../modules/algorithms/xtea.lo ../modules/algorithms/blowfish.lo ../modules/algorithms/enigma.lo ../modules/algorithms/rc2.lo ../modules/algorithms/tripledes.lo ../modules/algorithms/idea.lo'
FGREP='/bin/grep -F'
GREP='/bin/grep'
INCLTDL=''
INSTALL_ALGORITHM_MODULES=''
INSTALL_DATA='${INSTALL} -m 644'
INSTALL_MODE_MODULES=''
INSTALL_PROGRAM='${INSTALL}'
INSTALL_SCRIPT='${INSTALL}'
INSTALL_STRIP_PROGRAM='$(install_sh) -c -s'
LD='/usr/bin/ld'
LDFLAGS=''
LIBLTDL=''
LIBLTDL_DIR=''
LIBMCRYPT_CFLAGS='-I${prefix}/include'
LIBMCRYPT_CURRENT_INTERFACE_IMPLEMENTATION_NUMBER='8'
LIBMCRYPT_LIBS=' -L${exec_prefix}/lib -lmcrypt '
LIBMCRYPT_MAJOR_VERSION='2'
LIBMCRYPT_MICRO_VERSION='8'
LIBMCRYPT_MINOR_VERSION='5'
LIBMCRYPT_MOST_RECENT_INTERFACE='8'
LIBMCRYPT_OLDEST_INTERFACE='4'
LIBMCRYPT_VERSION='2.5.8'
LIBOBJS=''
LIBS=''
LIBTOOL='$(SHELL) $(top_builddir)/libtool'
LIBTOOL_DEPS='./ltmain.sh'
LIPO=''
LN_S='ln -s'
LTLIBOBJS=''
LT_AGE='4'
LT_CURRENT='8'
LT_REVISION='8'
MAINT='#'
MAINTAINER_MODE_FALSE=''
MAINTAINER_MODE_TRUE='#'
MAKEINFO='${SHELL} /home/zhangc/projects/opensource/libmcrypt-2.5.8/missing --run makeinfo'
MKDIR_P='/bin/mkdir -p'
NM='/usr/bin/nm -B'
NMEDIT=''
NOINSTALL_ALGORITHM_MODULES=' threeway.la cast-128.la gost.la rijndael-128.la safer-sk64.la twofish.la arcfour.la cast-256.la loki97.la rijndael-192.la saferplus.la wake.la blowfish-compat.la des.la rijndael-256.la serpent.la xtea.la blowfish.la enigma.la rc2.la safer-sk128.la tripledes.la idea.la'
NOINSTALL_MODE_MODULES=' cbc.la cfb.la ctr.la ecb.la ncfb.la nofb.la ofb.la stream.la'
OBJDUMP='objdump'
OBJEXT='o'
OTOOL64=''
OTOOL=''
PACKAGE='libmcrypt'
PACKAGE_BUGREPORT=''
PACKAGE_NAME=''
PACKAGE_STRING=''
PACKAGE_TARNAME=''
PACKAGE_URL=''
PACKAGE_VERSION=''
PATH_SEPARATOR=':'
RANLIB='ranlib'
SED='/bin/sed'
SET_MAKE=''
SHELL='/bin/sh'
STRIP='strip'
VERSION='2.5.8'
ac_ct_CC='gcc'
ac_ct_CXX='g++'
ac_ct_DUMPBIN=''
am__EXEEXT_FALSE=''
am__EXEEXT_TRUE='#'
am__fastdepCC_FALSE='#'
am__fastdepCC_TRUE=''
am__fastdepCXX_FALSE='#'
am__fastdepCXX_TRUE=''
am__include='include'
am__isrc=''
am__leading_dot='.'
am__quote=''
am__tar='${AMTAR} chof - "$$tardir"'
am__untar='${AMTAR} xf -'
bindir='${exec_prefix}/bin'
build='i686-pc-linux-gnu'
build_alias=''
build_cpu='i686'
build_os='linux-gnu'
build_vendor='pc'
datadir='${datarootdir}'
datarootdir='${prefix}/share'
docdir='${datarootdir}/doc/${PACKAGE}'
dvidir='${docdir}'
exec_prefix='${prefix}'
host='i686-pc-linux-gnu'
host_alias=''
host_cpu='i686'
host_os='linux-gnu'
host_vendor='pc'
htmldir='${docdir}'
includedir='${prefix}/include'
infodir='${datarootdir}/info'
install_sh='${SHELL} /home/zhangc/projects/opensource/libmcrypt-2.5.8/install-sh'
libdir='${exec_prefix}/lib'
libexecdir='${exec_prefix}/libexec'
localedir='${datarootdir}/locale'
localstatedir='${prefix}/var'
lt_ECHO='echo'
mandir='${datarootdir}/man'
mkdir_p='/bin/mkdir -p'
oldincludedir='/usr/include'
pdfdir='${docdir}'
prefix='/usr/local/libmcrypt-2.5.8'
program_transform_name='s,x,x,'
psdir='${docdir}'
sbindir='${exec_prefix}/sbin'
sharedstatedir='${prefix}/com'
subdirs=''
sysconfdir='${prefix}/etc'
target='i686-pc-linux-gnu'
target_alias=''
target_cpu='i686'
target_os='linux-gnu'
target_vendor='pc'

## ----------- ##
## confdefs.h. ##
## ----------- ##

/* confdefs.h */
#define PACKAGE_NAME ""
#define PACKAGE_TARNAME ""
#define PACKAGE_VERSION ""
#define PACKAGE_STRING ""
#define PACKAGE_BUGREPORT ""
#define PACKAGE_URL ""
#define PACKAGE "libmcrypt"
#define VERSION "2.5.8"
#define HAVE_DIRENT_H 1
#define STDC_HEADERS 1
#define HAVE_SYS_TYPES_H 1
#define HAVE_SYS_STAT_H 1
#define HAVE_STDLIB_H 1
#define HAVE_STRING_H 1
#define HAVE_MEMORY_H 1
#define HAVE_STRINGS_H 1
#define HAVE_INTTYPES_H 1
#define HAVE_STDINT_H 1
#define HAVE_UNISTD_H 1
#define HAVE_ARGZ_H 1
#define HAVE_BYTESWAP_H 1
#define HAVE_DIRENT_H 1
#define HAVE_DLFCN_H 1
#define HAVE_ENDIAN_H 1
#define HAVE_MALLOC_H 1
#define HAVE_MEMORY_H 1
#define HAVE_STDLIB_H 1
#define HAVE_STRING_H 1
#define HAVE_STRINGS_H 1
#define HAVE_SYS_TYPES_H 1
#define HAVE_SYS_MMAN_H 1
#define HAVE_LIMITS_H 1
#define HAVE_UNISTD_H 1
#define HAVE_STDLIB_H 1
#define HAVE_MALLOC 1
#define HAVE_STDLIB_H 1
#define HAVE_REALLOC 1
#define HAVE_BZERO 1
#define HAVE_MEMMOVE 1
#define HAVE_MEMSET 1
#define HAVE_MLOCK 1
#define HAVE_READDIR_R 1
#define HAVE_STRCHR 1
#define HAVE_STRDUP 1
#define HAVE_STRRCHR 1
#define SIZEOF_UNSIGNED_LONG_INT 4
#define SIZEOF_UNSIGNED_INT 4
#define SIZEOF_UNSIGNED_SHORT_INT 2
#define SIZEOF_UNSIGNED_CHAR 1
#define HAVE_DLFCN_H 1
#define LT_OBJDIR ".libs/"

configure: exit 0

## ---------------------- ##
## Running config.status. ##
## ---------------------- ##

This file was extended by config.status, which was
generated by GNU Autoconf 2.67.  Invocation command line was

  CONFIG_FILES    = 
  CONFIG_HEADERS  = 
  CONFIG_LINKS    = 
  CONFIG_COMMANDS = 
  $ ./config.status modules/algorithms/Makefile depfiles

on zhangc-dev

config.status:1214: creating modules/algorithms/Makefile
config.status:1442: executing depfiles commands
